-------------------------------------------------------------------------------
Test set: com.example.AppTest
-------------------------------------------------------------------------------
Tests run: 2, Failures: 1, Errors: 0, Skipped: 0, Time elapsed: 12.463 s <<< FAILURE! - in com.example.AppTest
testCase1(com.example.AppTest)  Time elapsed: 0.641 s  <<< FAILURE!
java.io.FileNotFoundException: C:\Users\91701\Downloads\input for websites.xlsx (The system cannot find the path specified)
	at com.example.AppTest.testCase1(AppTest.java:42)

