<?xml version="1.0" encoding="UTF-8"?>
<!-- Generated by org.testng.reporters.JUnitXMLReporter -->
<testsuite ignored="0" hostname="LAPTOP-IPIN97I7" failures="1" tests="2" name="Surefire test" time="11.669" errors="0" timestamp="2024-04-27T16:13:10 IST">
  <testcase classname="com.example.AppTest" name="testCase1" time="0.635">
    <failure type="java.io.FileNotFoundException" message="C:\Users\91701\Downloads\input for websites.xlsx (The system cannot find the path specified)">
      <![CDATA[java.io.FileNotFoundException: C:\Users\91701\Downloads\input for websites.xlsx (The system cannot find the path specified)
at java.base/java.io.FileInputStream.open0(Native Method)
at java.base/java.io.FileInputStream.open(FileInputStream.java:216)
at java.base/java.io.FileInputStream.<init>(FileInputStream.java:157)
at java.base/java.io.FileInputStream.<init>(FileInputStream.java:111)
at com.example.AppTest.testCase1(AppTest.java:42)
at java.base/java.util.ArrayList.forEach(ArrayList.java:1511)
... Removed 32 stack frames]]>
    </failure>
  </testcase> <!-- testCase1 -->
  <testcase classname="com.example.AppTest" name="testCase2" time="5.323"/>
</testsuite> <!-- Surefire test -->
